<?xml version="1.0" encoding="UTF-8"?>
<coverage generated="1776595227831" clover="3.2.0">
  <project timestamp="1776595227831" name="All files">
    <metrics statements="6" coveredstatements="6" conditionals="4" coveredconditionals="4" methods="3" coveredmethods="3" elements="13" coveredelements="13" complexity="0" loc="6" ncloc="6" packages="1" files="2" classes="2"/>
    <file name="health.js" path="/home/raven/projects/ajs-unit-tests/src/health.js">
      <metrics statements="5" coveredstatements="5" conditionals="4" coveredconditionals="4" methods="1" coveredmethods="1"/>
      <line num="2" count="4" type="cond" truecount="2" falsecount="0"/>
      <line num="3" count="1" type="stmt"/>
      <line num="6" count="3" type="cond" truecount="2" falsecount="0"/>
      <line num="7" count="2" type="stmt"/>
      <line num="9" count="1" type="stmt"/>
    </file>
    <file name="sort.js" path="/home/raven/projects/ajs-unit-tests/src/sort.js">
      <metrics statements="1" coveredstatements="1" conditionals="0" coveredconditionals="0" methods="2" coveredmethods="2"/>
      <line num="3" count="4" type="stmt"/>
    </file>
  </project>
</coverage>
